[debug] [2022-09-27T12:10:41.023Z] ----------------------------------------------------------------------
[debug] [2022-09-27T12:10:41.025Z] Command:       /usr/local/bin/firebase /Users/alexanderbrahinski/.cache/firebase/tools/lib/node_modules/firebase-tools/lib/bin/firebase deploy
[debug] [2022-09-27T12:10:41.025Z] CLI Version:   11.0.1
[debug] [2022-09-27T12:10:41.025Z] Platform:      darwin
[debug] [2022-09-27T12:10:41.025Z] Node Version:  v16.15.0
[debug] [2022-09-27T12:10:41.029Z] Time:          Tue Sep 27 2022 15:10:41 GMT+0300 (Moscow Standard Time)
[debug] [2022-09-27T12:10:41.030Z] ----------------------------------------------------------------------
[debug] 
[debug] [2022-09-27T12:10:41.134Z] > command requires scopes: ["email","openid","https://www.googleapis.com/auth/cloudplatformprojects.readonly","https://www.googleapis.com/auth/firebase","https://www.googleapis.com/auth/cloud-platform"]
[debug] [2022-09-27T12:10:41.136Z] > authorizing via signed-in user (bro@beam-mw.com)
[debug] [2022-09-27T12:10:41.136Z] [iam] checking project bridges-dappnet for permissions ["firebase.projects.get","firebasehosting.sites.update"]
[debug] [2022-09-27T12:10:41.139Z] > refreshing access token with scopes: []
[debug] [2022-09-27T12:10:41.140Z] >>> HTTP REQUEST POST https://www.googleapis.com/oauth2/v3/token  
 <request body omitted>
[debug] [2022-09-27T12:10:41.466Z] <<< HTTP RESPONSE 200 {"date":"Tue, 27 Sep 2022 12:10:41 GMT","pragma":"no-cache","cache-control":"no-cache, no-store, max-age=0, must-revalidate","expires":"Mon, 01 Jan 1990 00:00:00 GMT","content-type":"application/json; charset=utf-8","vary":"X-Origin, Referer, Origin,Accept-Encoding","server":"scaffolding on HTTPServer2","x-xss-protection":"0","x-frame-options":"SAMEORIGIN","x-content-type-options":"nosniff","alt-svc":"h3=\":443\"; ma=2592000,h3-29=\":443\"; ma=2592000,h3-Q050=\":443\"; ma=2592000,h3-Q046=\":443\"; ma=2592000,h3-Q043=\":443\"; ma=2592000,quic=\":443\"; ma=2592000; v=\"46,43\"","accept-ranges":"none","transfer-encoding":"chunked"}
[debug] [2022-09-27T12:10:41.514Z] >>> [apiv2][query] POST https://cloudresourcemanager.googleapis.com/v1/projects/bridges-dappnet:testIamPermissions [none]
[debug] [2022-09-27T12:10:41.516Z] >>> [apiv2][body] POST https://cloudresourcemanager.googleapis.com/v1/projects/bridges-dappnet:testIamPermissions {"permissions":["firebase.projects.get","firebasehosting.sites.update"]}
[debug] [2022-09-27T12:10:41.929Z] <<< [apiv2][status] POST https://cloudresourcemanager.googleapis.com/v1/projects/bridges-dappnet:testIamPermissions 200
[debug] [2022-09-27T12:10:41.931Z] <<< [apiv2][body] POST https://cloudresourcemanager.googleapis.com/v1/projects/bridges-dappnet:testIamPermissions {"permissions":["firebase.projects.get","firebasehosting.sites.update"]}
[debug] [2022-09-27T12:10:41.934Z] >>> [apiv2][query] GET https://firebase.googleapis.com/v1beta1/projects/bridges-dappnet [none]
[debug] [2022-09-27T12:10:42.427Z] <<< [apiv2][status] GET https://firebase.googleapis.com/v1beta1/projects/bridges-dappnet 200
[debug] [2022-09-27T12:10:42.429Z] <<< [apiv2][body] GET https://firebase.googleapis.com/v1beta1/projects/bridges-dappnet {"projectId":"bridges-dappnet","projectNumber":"753776254834","displayName":"bridges-dappnet","name":"projects/bridges-dappnet","resources":{"hostingSite":"bridges-dappnet"},"state":"ACTIVE","etag":"1_030ee5b0-49f4-4f1a-9cc4-3c0c40320789"}
[info] 
[info] === Deploying to 'bridges-dappnet'...
[info] 
[info] i  deploying hosting 
[debug] [2022-09-27T12:10:42.434Z] >>> [apiv2][query] GET https://firebase.googleapis.com/v1beta1/projects/bridges-dappnet [none]
[debug] [2022-09-27T12:10:42.924Z] <<< [apiv2][status] GET https://firebase.googleapis.com/v1beta1/projects/bridges-dappnet 200
[debug] [2022-09-27T12:10:42.926Z] <<< [apiv2][body] GET https://firebase.googleapis.com/v1beta1/projects/bridges-dappnet {"projectId":"bridges-dappnet","projectNumber":"753776254834","displayName":"bridges-dappnet","name":"projects/bridges-dappnet","resources":{"hostingSite":"bridges-dappnet"},"state":"ACTIVE","etag":"1_030ee5b0-49f4-4f1a-9cc4-3c0c40320789"}
[debug] [2022-09-27T12:10:42.928Z] >>> [apiv2][query] POST https://firebasehosting.googleapis.com/v1beta1/projects/753776254834/sites/bridges-dappnet/versions [none]
[debug] [2022-09-27T12:10:42.929Z] >>> [apiv2][body] POST https://firebasehosting.googleapis.com/v1beta1/projects/753776254834/sites/bridges-dappnet/versions {"config":{"rewrites":[{"glob":"**","path":"/index.html"}]},"labels":{"deployment-tool":"cli-firebase"}}
[debug] [2022-09-27T12:10:44.187Z] <<< [apiv2][status] POST https://firebasehosting.googleapis.com/v1beta1/projects/753776254834/sites/bridges-dappnet/versions 200
[debug] [2022-09-27T12:10:44.188Z] <<< [apiv2][body] POST https://firebasehosting.googleapis.com/v1beta1/projects/753776254834/sites/bridges-dappnet/versions {"name":"projects/753776254834/sites/bridges-dappnet/versions/affb8ce3ad19c1fc","status":"CREATED","config":{"rewrites":[{"glob":"**","path":"/index.html"}]},"labels":{"deployment-tool":"cli-firebase"}}
[info] i  hosting[bridges-dappnet]: beginning deploy... 
[info] i  hosting[bridges-dappnet]: found 12 files in html 
[debug] [2022-09-27T12:10:44.202Z] [hosting] uploading with 200 concurrency
[debug] [2022-09-27T12:10:44.516Z] [hosting] hash cache [aHRtbA] stored for 12 files
[debug] [2022-09-27T12:10:44.516Z] [hosting][hash queue][FINAL] {"max":311,"min":0,"avg":25.916666666666668,"active":0,"complete":12,"success":12,"errored":0,"retried":0,"total":12,"elapsed":312}
[debug] [2022-09-27T12:10:44.516Z] >>> [apiv2][query] POST https://firebasehosting.googleapis.com/v1beta1/projects/753776254834/sites/bridges-dappnet/versions/affb8ce3ad19c1fc:populateFiles [none]
[debug] [2022-09-27T12:10:44.516Z] >>> [apiv2][body] POST https://firebasehosting.googleapis.com/v1beta1/projects/753776254834/sites/bridges-dappnet/versions/affb8ce3ad19c1fc:populateFiles {"files":{"/index.html":"32fb736b1821ac06eb49059601f7877014576cced2a45dad88916ce9126a7d08","/styles.css":"5b2db52e928796ef2ab5b6a313816e33a11777df2b0eb805c465c58e2b885d0a","/assets/bg.png":"dee822591607580c3a7b80c038f3d215082cac65ffd12f83b48b9a815ec16507","/assets/fonts/ProximaNova-Bold.ttf":"d233b91a3cf6e3c1b64a281dbfd2603191ae0f34bd8a88196db715f6436c62e0","/assets/fonts/ProximaNova-Regular.ttf":"4c6580192f92a9c6fce371603fb68359961754f182aaf73e87a825a68377338f","/assets/fonts/ProximaNova-RegularIt.ttf":"ca020d5c87fa2351ea10ac24ebc064af1508d73cb5a7e028813bbfb257fc102c","/assets/fonts/ProximaNova-Semibold.ttf":"a652fa2c23f336824bb1a7bf51e56696e9652f1b20d817945560dc89a6539524","/assets/fonts/SFProDisplay-Bold.ttf":"a31eef025f0ebbd5631007bc5a8c53de41e5d52b58ef489d0e7ac0ab007dbcdc","/assets/fonts/SFProDisplay-Regular.ttf":"ccb1e5c00a83c0eb7cc65f62e632de6d5a18efe0028e1cf9f7222f394af6d516","/assets/fonts/SFProDisplay-RegularItalic.ttf":"fc93d175a8e2b561778672b399c10b74bcf5bddf05c2110aea237cfce4f5a6ff","/assets/fonts/SFUIDisplay-Medium.otf":"21a614105b9c67720063e2164f9ad4add3e380263eee5a43ee0c215915912b24","/index.js":"adb26538a4d54189d31d81fa3b2d46279d48da76ab9d1977502e909baa83b681"}}
[debug] [2022-09-27T12:10:45.553Z] <<< [apiv2][status] POST https://firebasehosting.googleapis.com/v1beta1/projects/753776254834/sites/bridges-dappnet/versions/affb8ce3ad19c1fc:populateFiles 200
[debug] [2022-09-27T12:10:45.553Z] <<< [apiv2][body] POST https://firebasehosting.googleapis.com/v1beta1/projects/753776254834/sites/bridges-dappnet/versions/affb8ce3ad19c1fc:populateFiles {"uploadRequiredHashes":["adb26538a4d54189d31d81fa3b2d46279d48da76ab9d1977502e909baa83b681"],"uploadUrl":"https://upload-firebasehosting.googleapis.com/upload/sites/bridges-dappnet/versions/affb8ce3ad19c1fc/files"}
[debug] [2022-09-27T12:10:45.555Z] >>> [apiv2][query] POST https://upload-firebasehosting.googleapis.com/upload/sites/bridges-dappnet/versions/affb8ce3ad19c1fc/files/adb26538a4d54189d31d81fa3b2d46279d48da76ab9d1977502e909baa83b681 [none]
[debug] [2022-09-27T12:10:45.555Z] >>> [apiv2][body] POST https://upload-firebasehosting.googleapis.com/upload/sites/bridges-dappnet/versions/affb8ce3ad19c1fc/files/adb26538a4d54189d31d81fa3b2d46279d48da76ab9d1977502e909baa83b681 [stream]
[debug] [2022-09-27T12:10:45.556Z] [hosting][populate queue][FINAL] {"max":1039,"min":1039,"avg":1039,"active":0,"complete":1,"success":1,"errored":0,"retried":0,"total":1,"elapsed":1041}
[debug] [2022-09-27T12:10:45.556Z] [hosting] uploads queued: 1
[debug] [2022-09-27T12:10:47.971Z] <<< [apiv2][status] POST https://upload-firebasehosting.googleapis.com/upload/sites/bridges-dappnet/versions/affb8ce3ad19c1fc/files/adb26538a4d54189d31d81fa3b2d46279d48da76ab9d1977502e909baa83b681 200
[debug] [2022-09-27T12:10:47.972Z] <<< [apiv2][body] POST https://upload-firebasehosting.googleapis.com/upload/sites/bridges-dappnet/versions/affb8ce3ad19c1fc/files/adb26538a4d54189d31d81fa3b2d46279d48da76ab9d1977502e909baa83b681 [stream]
[debug] [2022-09-27T12:10:47.972Z] [hosting][upload queue][FINAL] {"max":2418,"min":2418,"avg":2418,"active":0,"complete":1,"success":1,"errored":0,"retried":0,"total":1,"elapsed":2418}
[info] ✔  hosting[bridges-dappnet]: file upload complete 
[debug] [2022-09-27T12:10:47.974Z] [hosting] deploy completed after 3785ms
[debug] [2022-09-27T12:10:47.974Z] [
  {
    "config": {
      "public": "html",
      "ignore": [
        "firebase.json",
        "**/.*",
        "**/node_modules/**"
      ],
      "rewrites": [
        {
          "source": "**",
          "destination": "/index.html"
        }
      ],
      "site": "bridges-dappnet"
    },
    "site": "bridges-dappnet",
    "version": "projects/753776254834/sites/bridges-dappnet/versions/affb8ce3ad19c1fc"
  }
]
[info] i  hosting[bridges-dappnet]: finalizing version... 
[debug] [2022-09-27T12:10:47.975Z] >>> [apiv2][query] PATCH https://firebasehosting.googleapis.com/v1beta1/projects/753776254834/sites/bridges-dappnet/versions/affb8ce3ad19c1fc updateMask=status%2Cconfig
[debug] [2022-09-27T12:10:47.976Z] >>> [apiv2][body] PATCH https://firebasehosting.googleapis.com/v1beta1/projects/753776254834/sites/bridges-dappnet/versions/affb8ce3ad19c1fc {"status":"FINALIZED","config":{"rewrites":[{"glob":"**","path":"/index.html"}]}}
